[2024-04-11 01:10:08:1582] [32m[main][0;39m [34mINFO [0;39m [1;37m[org.springframework.boot.StartupInfoLogger.logStarting:[33m50[0;39m][0;39m - Starting ServerApplication using Java 19.0.1 with PID 43672 (C:\Users\shyoo\OneDrive\Desktop\HGU\2-2\yangyoung\YANGYOUNG_server\build\classes\java\main started by shyoo in C:\Users\shyoo\OneDrive\Desktop\HGU\2-2\yangyoung\YANGYOUNG_server)
[2024-04-11 01:10:08:1592] [32m[main][0;39m [34mINFO [0;39m [1;37m[org.springframework.boot.SpringApplication.logStartupProfileInfo:[33m659[0;39m][0;39m - The following 3 profiles are active: "db", "s3", "prod"
[2024-04-11 01:10:10:3458] [32m[main][0;39m [34mINFO [0;39m [1;37m[org.springframework.data.repository.config.RepositoryConfigurationDelegate.registerRepositoriesIn:[33m139[0;39m][0;39m - Bootstrapping Spring Data JPA repositories in DEFAULT mode.
[2024-04-11 01:10:10:3703] [32m[main][0;39m [34mINFO [0;39m [1;37m[org.springframework.data.repository.config.RepositoryConfigurationDelegate.registerRepositoriesIn:[33m208[0;39m][0;39m - Finished Spring Data repository scanning in 229 ms. Found 14 JPA repository interfaces.
[2024-04-11 01:10:11:4953] [32m[main][0;39m [34mINFO [0;39m [1;37m[org.springframework.boot.web.embedded.tomcat.TomcatWebServer.initialize:[33m108[0;39m][0;39m - Tomcat initialized with port 8080 (http)
[2024-04-11 01:10:11:4970] [32m[main][0;39m [34mINFO [0;39m [1;37m[org.apache.juli.logging.DirectJDKLog.log:[33m173[0;39m][0;39m - Initializing ProtocolHandler ["http-nio-8080"]
[2024-04-11 01:10:11:4976] [32m[main][0;39m [34mINFO [0;39m [1;37m[org.apache.juli.logging.DirectJDKLog.log:[33m173[0;39m][0;39m - Starting service [Tomcat]
[2024-04-11 01:10:11:4976] [32m[main][0;39m [34mINFO [0;39m [1;37m[org.apache.juli.logging.DirectJDKLog.log:[33m173[0;39m][0;39m - Starting Servlet engine: [Apache Tomcat/10.1.16]
[2024-04-11 01:10:12:5153] [32m[main][0;39m [34mINFO [0;39m [1;37m[org.apache.juli.logging.DirectJDKLog.log:[33m173[0;39m][0;39m - Initializing Spring embedded WebApplicationContext
[2024-04-11 01:10:12:5154] [32m[main][0;39m [34mINFO [0;39m [1;37m[org.springframework.boot.web.servlet.context.ServletWebServerApplicationContext.prepareWebApplicationContext:[33m296[0;39m][0;39m - Root WebApplicationContext: initialization completed in 3450 ms
[2024-04-11 01:10:12:5490] [32m[main][0;39m [34mINFO [0;39m [1;37m[org.hibernate.jpa.internal.util.LogHelper.logPersistenceUnitInformation:[33m31[0;39m][0;39m - HHH000204: Processing PersistenceUnitInfo [name: default]
[2024-04-11 01:10:12:5626] [32m[main][0;39m [34mINFO [0;39m [1;37m[org.hibernate.Version.logVersion:[33m44[0;39m][0;39m - HHH000412: Hibernate ORM core version 6.3.1.Final
[2024-04-11 01:10:12:5707] [32m[main][0;39m [34mINFO [0;39m [1;37m[org.hibernate.cache.internal.RegionFactoryInitiator.initiateService:[33m50[0;39m][0;39m - HHH000026: Second-level cache disabled
[2024-04-11 01:10:13:6315] [32m[main][0;39m [34mINFO [0;39m [1;37m[org.springframework.orm.jpa.persistenceunit.SpringPersistenceUnitInfo.addTransformer:[33m87[0;39m][0;39m - No LoadTimeWeaver setup: ignoring JPA class transformer
[2024-04-11 01:10:13:6375] [32m[main][0;39m [34mINFO [0;39m [1;37m[com.zaxxer.hikari.HikariDataSource.getConnection:[33m110[0;39m][0;39m - HikariPool-1 - Starting...
[2024-04-11 01:10:13:6927] [32m[main][0;39m [34mINFO [0;39m [1;37m[com.zaxxer.hikari.pool.HikariPool.checkFailFast:[33m565[0;39m][0;39m - HikariPool-1 - Added connection com.mysql.cj.jdbc.ConnectionImpl@2faf6e4a
[2024-04-11 01:10:13:6932] [32m[main][0;39m [34mINFO [0;39m [1;37m[com.zaxxer.hikari.HikariDataSource.getConnection:[33m123[0;39m][0;39m - HikariPool-1 - Start completed.
[2024-04-11 01:10:16:10071] [32m[main][0;39m [34mINFO [0;39m [1;37m[org.hibernate.engine.transaction.jta.platform.internal.JtaPlatformInitiator.initiateService:[33m58[0;39m][0;39m - HHH000489: No JTA platform available (set 'hibernate.transaction.jta.platform' to enable JTA platform integration)
[2024-04-11 01:10:18:11367] [32m[main][0;39m [34mINFO [0;39m [1;37m[org.springframework.orm.jpa.AbstractEntityManagerFactoryBean.buildNativeEntityManagerFactory:[33m437[0;39m][0;39m - Initialized JPA EntityManagerFactory for persistence unit 'default'
[2024-04-11 01:10:23:16667] [32m[main][0;39m [34mINFO [0;39m [1;37m[org.apache.juli.logging.DirectJDKLog.log:[33m173[0;39m][0;39m - Starting ProtocolHandler ["http-nio-8080"]
[2024-04-11 01:10:23:16737] [32m[main][0;39m [34mINFO [0;39m [1;37m[org.springframework.boot.web.embedded.tomcat.TomcatWebServer.start:[33m221[0;39m][0;39m - Tomcat started on port 8080 (http) with context path ''
[2024-04-11 01:10:23:16759] [32m[main][0;39m [34mINFO [0;39m [1;37m[org.springframework.boot.StartupInfoLogger.logStarted:[33m56[0;39m][0;39m - Started ServerApplication in 16.467 seconds (process running for 18.069)
[2024-04-11 01:10:44:38010] [32m[SpringApplicationShutdownHook][0;39m [34mINFO [0;39m [1;37m[org.springframework.orm.jpa.AbstractEntityManagerFactoryBean.destroy:[33m650[0;39m][0;39m - Closing JPA EntityManagerFactory for persistence unit 'default'
[2024-04-11 01:10:44:38015] [32m[SpringApplicationShutdownHook][0;39m [34mINFO [0;39m [1;37m[com.zaxxer.hikari.HikariDataSource.close:[33m350[0;39m][0;39m - HikariPool-1 - Shutdown initiated...
[2024-04-11 01:10:44:38029] [32m[SpringApplicationShutdownHook][0;39m [34mINFO [0;39m [1;37m[com.zaxxer.hikari.HikariDataSource.close:[33m352[0;39m][0;39m - HikariPool-1 - Shutdown completed.
